1612274032870	geckodriver	INFO	Listening on 127.0.0.1:56265
1612274035935	mozrunner::runner	INFO	Running command: "C:\\Program Files\\Mozilla Firefox\\firefox.exe" "--marionette" "-foreground" "-no-remote" "-profile" "C:\\Users\\Tuan\\AppData\\Local\\Temp\\rust_mozprofilexWrjN0"
console.warn: SearchSettings: "get: No settings file exists, new profile?" (new Error("", "(unknown module)"))
1612274037690	Marionette	INFO	Listening on port 56273
1612274037980	Marionette	WARN	TLS certificate errors will be ignored for this session
1612274037990	Marionette	ERROR	[15] No reply from Marionette:Register
console.warn: SearchSettings: "get: No settings file exists, new profile?" (new Error("", "(unknown module)"))
1612274046190	Marionette	INFO	Stopped listening on port 56273
1612274055070	geckodriver	INFO	Listening on 127.0.0.1:56344
1612274058127	mozrunner::runner	INFO	Running command: "C:\\Program Files\\Mozilla Firefox\\firefox.exe" "--marionette" "-foreground" "-no-remote" "-profile" "C:\\Users\\Tuan\\AppData\\Local\\Temp\\rust_mozprofileyH0ic9"
console.warn: SearchSettings: "get: No settings file exists, new profile?" (new Error("", "(unknown module)"))
1612274059706	Marionette	INFO	Listening on port 56352
console.warn: SearchSettings: "get: No settings file exists, new profile?" (new Error("", "(unknown module)"))
1612274060157	Marionette	WARN	TLS certificate errors will be ignored for this session
1612274060165	Marionette	ERROR	[18] No reply from Marionette:Register
1612274069384	Marionette	INFO	Stopped listening on port 56352

###!!! [Child][RunMessage] Error: Channel closing: too late to send/recv, messages will be lost

1612274103198	geckodriver	INFO	Listening on 127.0.0.1:56415
1612274106243	mozrunner::runner	INFO	Running command: "C:\\Program Files\\Mozilla Firefox\\firefox.exe" "--marionette" "-foreground" "-no-remote" "-profile" "C:\\Users\\Tuan\\AppData\\Local\\Temp\\rust_mozprofileO5yTxW"
console.warn: SearchSettings: "get: No settings file exists, new profile?" (new Error("", "(unknown module)"))
1612274107701	Marionette	INFO	Listening on port 56423
1612274107766	Marionette	WARN	TLS certificate errors will be ignored for this session
1612274107774	Marionette	ERROR	[15] No reply from Marionette:Register
console.warn: SearchSettings: "get: No settings file exists, new profile?" (new Error("", "(unknown module)"))
1612274171803	Marionette	INFO	Stopped listening on port 56423

###!!! [Child][RunMessage] Error: Channel closing: too late to send/recv, messages will be lost

"--marionette" "-foreground" "-no-remote" "-profile" "C:\\Users\\Tuan\\AppData\\Local\\Temp\\rust_mozprofilePjrWzL"
console.warn: SearchSettings: "get: No settings file exists, new profile?" (new Error("", "(unknown module)"))
1612274165744	Marionette	INFO	Listening on port 56512
1612274166159	Marionette	WARN	TLS certificate errors will be ignored for this session
1612274166167	Marionette	ERROR	[15] No reply from Marionette:Register
console.warn: SearchSettings: "get: No settings file exists, new profile?" (new Error("", "(unknown module)"))
1612274166659	Marionette	ERROR	[31] No reply from Marionette:Register
JavaScript error: resource://activity-stream/lib/ASRouter.jsm, line 987: NS_ERROR_ILLEGAL_VALUE: Component returned failure code: 0x80070057 (NS_ERROR_ILLEGAL_VALUE) [nsIObserverService.removeObserver]
[Parent 14748, IPC I/O Parent] WARNING: file /builds/worker/checkouts/gecko/ipc/chromium/src/base/process_util_win.cc:167
[Parent 14748, IPC I/O Parent] WARNING: file /builds/worker/checkouts/gecko/ipc/chromium/src/base/process_util_win.cc:167
1612274168805	Marionette	INFO	Stopped listening on port 56512

###!!! [Child][RunMessage] Error: Channel closing: too late to send/recv, messages will be lost

1612274210545	geckodriver	INFO	Listening on 127.0.0.1:56582
1612274213624	mozrunner::runner	INFO	Running command: "C:\\Program Files\\Mozilla Firefox\\firefox.exe" "--marionette" "-foreground" "-no-remote" "-profile" "C:\\Users\\Tuan\\AppData\\Local\\Temp\\rust_mozprofilegdgA97"
console.warn: SearchSettings: "get: No settings file exists, new profile?" (new Error("", "(unknown module)"))
1612274215147	Marionette	INFO	Listening on port 56590
console.warn: SearchSettings: "get: No settings file exists, new profile?" (new Error("", "(unknown module)"))
1612274215647	Marionette	WARN	TLS certificate errors will be ignored for this session
1612274215655	Marionette	ERROR	[18] No reply from Marionette:Register
1612274216158	Marionette	ERROR	[31] No reply from Marionette:Register
console.warn: LoginRecipes: "getRecipes: falling back to a synchronous message for:" "https://twitter.com"
Handler function _httpStopRequest threw an exception: [Exception... "Component returned failure code: 0x80004005 (NS_ERROR_FAILURE) [nsITraceableChannel.setNewListener]"  nsresult: "0x80004005 (NS_ERROR_FAILURE)"  location: "JS frame :: resource://devtools/server/actors/network-monitor/network-observer.js :: _setupResponseListener :: line 1086"  data: no]
Stack: _setupResponseListener@resource://devtools/server/actors/network-monitor/network-observer.js:1086:38
_createNetworkEvent@resource://devtools/server/actors/network-monitor/network-observer.js:912:12
_httpStopRequest@resource://devtools/server/actors/network-monitor/network-observer.js:409:14
exports.makeInfallible/<@resource://devtools/shared/ThreadSafeDevToolsUtils.js:103:22
Line: 1086, column: 0
console.error: ({})
Handler function _httpStopRequest threw an exception: [Exception... "Component returned failure code: 0x80004005 (NS_ERROR_FAILURE) [nsITraceableChannel.setNewListener]"  nsresult: "0x80004005 (NS_ERROR_FAILURE)"  location: "JS frame :: resource://devtools/server/actors/network-monitor/network-observer.js :: _setupResponseListener :: line 1086"  data: no]
Stack: _setupResponseListener@resource://devtools/server/actors/network-monitor/network-observer.js:1086:38
_createNetworkEvent@resource://devtools/server/actors/network-monitor/network-observer.js:912:12
_httpStopRequest@resource://devtools/server/actors/network-monitor/network-observer.js:409:14
exports.makeInfallible/<@resource://devtools/shared/ThreadSafeDevToolsUtils.js:103:22
Line: 1086, column: 0
console.error: ({})
console.warn: LoginRecipes: "getRecipes: falling back to a synchronous message for:" "https://twitter.com"
console.warn: LoginRecipes: "getRecipes: falling back to a synchronous message for:" "https://twitter.com"
console.warn: LoginRecipes: "getRecipes: falling back to a synchronous message for:" "https://twitter.com"
JavaScript error: , line 0: NS_ERROR_NOT_AVAILABLE
1612275051031	Marionette	INFO	Stopped listening on port 56590

###!!! [Child][RunMessage] Error: Channel closing: too late to send/recv, messages will be lost

 "C:\\Users\\Tuan\\AppData\\Local\\Temp\\rust_mozprofiledO13FX"
console.warn: SearchSettings: "get: No settings file exists, new profile?" (new Error("", "(unknown module)"))
1612274694600	Marionette	INFO	Listening on port 56757
console.warn: SearchSettings: "get: No settings file exists, new profile?" (new Error("", "(unknown module)"))
1612274694929	Marionette	WARN	TLS certificate errors will be ignored for this session
1612274694936	Marionette	ERROR	[15] No reply from Marionette:Register
1612274695456	Marionette	ERROR	[31] No reply from Marionette:Register
1612274708926	Marionette	INFO	Stopped listening on port 56757

###!!! [Child][RunMessage] Error: Channel closing: too late to send/recv, messages will be lost

1612274796426	geckodriver	INFO	Listening on 127.0.0.1:56866
1612274799476	mozrunner::runner	INFO	Running command: "C:\\Program Files\\Mozilla Firefox\\firefox.exe" "--marionette" "-foreground" "-no-remote" "-profile" "C:\\Users\\Tuan\\AppData\\Local\\Temp\\rust_mozprofileTYkKok"
console.warn: SearchSettings: "get: No settings file exists, new profile?" (new Error("", "(unknown module)"))
1612274800951	Marionette	INFO	Listening on port 56874
1612274800997	Marionette	WARN	TLS certificate errors will be ignored for this session
1612274801004	Marionette	ERROR	[15] No reply from Marionette:Register
console.warn: SearchSettings: "get: No settings file exists, new profile?" (new Error("", "(unknown module)"))
1612274801483	Marionette	ERROR	[31] No reply from Marionette:Register
1612274804781	Marionette	ERROR	[33] No reply from Marionette:Register
1612275406702	geckodriver	INFO	Listening on 127.0.0.1:57043
1612275409757	mozrunner::runner	INFO	Running command: "C:\\Program Files\\Mozilla Firefox\\firefox.exe" "--marionette" "-foreground" "-no-remote" "-profile" "C:\\Users\\Tuan\\AppData\\Local\\Temp\\rust_mozprofilewS7p5p"
console.warn: SearchSettings: "get: No settings file exists, new profile?" (new Error("", "(unknown module)"))
1612275411437	Marionette	INFO	Listening on port 57052
console.warn: SearchSettings: "get: No settings file exists, new profile?" (new Error("", "(unknown module)"))
1612275411799	Marionette	WARN	TLS certificate errors will be ignored for this session
1612275411808	Marionette	ERROR	[18] No reply from Marionette:Register
1612275412378	Marionette	ERROR	[31] No reply from Marionette:Register
1612275415627	Marionette	ERROR	[33] No reply from Marionette:Register
1612275445949	Marionette	INFO	Stopped listening on port 57052

###!!! [Child][RunMessage] Error: Channel closing: too late to send/recv, messages will be lost

1612275467550	geckodriver	INFO	Listening on 127.0.0.1:57134
1612275470605	mozrunner::runner	INFO	Running command: "C:\\Program Files\\Mozilla Firefox\\firefox.exe" "--marionette" "-foreground" "-no-remote" "-profile" "C:\\Users\\Tuan\\AppData\\Local\\Temp\\rust_mozprofile9i9tiB"
console.warn: SearchSettings: "get: No settings file exists, new profile?" (new Error("", "(unknown module)"))
1612275472136	Marionette	INFO	Listening on port 57142
console.warn: SearchSettings: "get: No settings file exists, new profile?" (new Error("", "(unknown module)"))
1612275472635	Marionette	WARN	TLS certificate errors will be ignored for this session
1612275472644	Marionette	ERROR	[15] No reply from Marionette:Register
1612275473163	Marionette	ERROR	[31] No reply from Marionette:Register
1612275476482	Marionette	ERROR	[33] No reply from Marionette:Register
console.warn: LoginRecipes: "getRecipes: falling back to a synchronous message for:" "https://twitter.com"
1612275500427	Marionette	INFO	Stopped listening on port 57142
1612275524835	geckodriver	INFO	Listening on 127.0.0.1:57211
1612275527887	mozrunner::runner	INFO	Running command: "C:\\Program Files\\Mozilla Firefox\\firefox.exe" "--marionette" "-foreground" "-no-remote" "-profile" "C:\\Users\\Tuan\\AppData\\Local\\Temp\\rust_mozprofiledr0LwR"
console.warn: SearchSettings: "get: No settings file exists, new profile?" (new Error("", "(unknown module)"))
1612275529417	Marionette	INFO	Listening on port 57219
console.warn: SearchSettings: "get: No settings file exists, new profile?" (new Error("", "(unknown module)"))
1612275529925	Marionette	WARN	TLS certificate errors will be ignored for this session
1612275529933	Marionette	ERROR	[15] No reply from Marionette:Register
1612275530424	Marionette	ERROR	[31] No reply from Marionette:Register
1612275533637	Marionette	ERROR	[33] No reply from Marionette:Register
console.warn: LoginRecipes: "getRecipes: falling back to a synchronous message for:" "https://twitter.com"
console.warn: LoginRecipes: "getRecipes: falling back to a synchronous message for:" "https://twitter.com"
JavaScript error: , line 0: NS_ERROR_NOT_AVAILABLE
1:57324
1612275772014	mozrunner::runner	INFO	Running command: "C:\\Program Files\\Mozilla Firefox\\firefox.exe" "--marionette" "-foreground" "-no-remote" "-profile" "C:\\Users\\Tuan\\AppData\\Local\\Temp\\rust_mozprofile4izjEj"
console.warn: SearchSettings: "get: No settings file exists, new profile?" (new Error("", "(unknown module)"))
1612275773596	Marionette	INFO	Listening on port 57333
console.warn: SearchSettings: "get: No settings file exists, new profile?" (new Error("", "(unknown module)"))
1612275774035	Marionette	WARN	TLS certificate errors will be ignored for this session
1612275774046	Marionette	ERROR	[18] No reply from Marionette:Register
1612275774554	Marionette	ERROR	[31] No reply from Marionette:Register
1612275777914	Marionette	ERROR	[33] No reply from Marionette:Register
1612275795248	Marionette	INFO	Stopped listening on port 57333
1612275830136	geckodriver	INFO	Listening on 127.0.0.1:57413
1612275833193	mozrunner::runner	INFO	Running command: "C:\\Program Files\\Mozilla Firefox\\firefox.exe" "--marionette" "-foreground" "-no-remote" "-profile" "C:\\Users\\Tuan\\AppData\\Local\\Temp\\rust_mozprofilecIvPL9"
console.warn: SearchSettings: "get: No settings file exists, new profile?" (new Error("", "(unknown module)"))
1612275834667	Marionette	INFO	Listening on port 57421
1612275834713	Marionette	WARN	TLS certificate errors will be ignored for this session
1612275834721	Marionette	ERROR	[15] No reply from Marionette:Register
console.warn: SearchSettings: "get: No settings file exists, new profile?" (new Error("", "(unknown module)"))
1612275835259	Marionette	ERROR	[31] No reply from Marionette:Register
1612275839347	Marionette	ERROR	[33] No reply from Marionette:Register
1612275844803	Marionette	ERROR	[35] No reply from Marionette:Register
1612275855516	Marionette	INFO	Stopped listening on port 57421

###!!! [Child][RunMessage] Error: Channel closing: too late to send/recv, messages will be lost

1612275967683	geckodriver	INFO	Listening on 127.0.0.1:57510
1612275970715	mozrunner::runner	INFO	Running command: "C:\\Program Files\\Mozilla Firefox\\firefox.exe" "--marionette" "-foreground" "-no-remote" "-profile" "C:\\Users\\Tuan\\AppData\\Local\\Temp\\rust_mozprofilexcmcIo"
console.warn: SearchSettings: "get: No settings file exists, new profile?" (new Error("", "(unknown module)"))
1612275972198	Marionette	INFO	Listening on port 57518
1612275972235	Marionette	WARN	TLS certificate errors will be ignored for this session
1612275972243	Marionette	ERROR	[15] No reply from Marionette:Register
console.warn: SearchSettings: "get: No settings file exists, new profile?" (new Error("", "(unknown module)"))
1612275972808	Marionette	ERROR	[31] No reply from Marionette:Register
1612275976210	Marionette	ERROR	[33] No reply from Marionette:Register
1612275981671	Marionette	ERROR	[35] No reply from Marionette:Register
1612275999474	Marionette	INFO	Stopped listening on port 57518

###!!! [Child][RunMessage] Error: Channel closing: too late to send/recv, messages will be lost

1612276053655	geckodriver	INFO	Listening on 127.0.0.1:57596
1612276056722	mozrunner::runner	INFO	Running command: "C:\\Program Files\\Mozilla Firefox\\firefox.exe" "--marionette" "-foreground" "-no-remote" "-profile" "C:\\Users\\Tuan\\AppData\\Local\\Temp\\rust_mozprofilemK5dJl"
console.warn: SearchSettings: "get: No settings file exists, new profile?" (new Error("", "(unknown module)"))
1612276058184	Marionette	INFO	Listening on port 57604
1612276058240	Marionette	WARN	TLS certificate errors will be ignored for this session
1612276058247	Marionette	ERROR	[15] No reply from Marionette:Register
console.warn: SearchSettings: "get: No settings file exists, new profile?" (new Error("", "(unknown module)"))
1612276058834	Marionette	ERROR	[31] No reply from Marionette:Register
1612276062106	Marionette	ERROR	[33] No reply from Marionette:Register
1612276067734	Marionette	ERROR	[35] No reply from Marionette:Register
1612276081660	Marionette	INFO	Stopped listening on port 57604

###!!! [Child][RunMessage] Error: Channel closing: too late to send/recv, messages will be lost

1612276161787	geckodriver	INFO	Listening on 127.0.0.1:57696
1612276164844	mozrunner::runner	INFO	Running command: "C:\\Program Files\\Mozilla Firefox\\firefox.exe" "--marionette" "-foreground" "-no-remote" "-profile" "C:\\Users\\Tuan\\AppData\\Local\\Temp\\rust_mozprofilejUm3hz"
console.warn: SearchSettings: "get: No settings file exists, new profile?" (new Error("", "(unknown module)"))
1612276166542	Marionette	INFO	Listening on port 57704
console.warn: SearchSettings: "get: No settings file exists, new profile?" (new Error("", "(unknown module)"))
1612276166861	Marionette	WARN	TLS certificate errors will be ignored for this session
1612276166869	Marionette	ERROR	[18] No reply from Marionette:Register
1612276167435	Marionette	ERROR	[31] No reply from Marionette:Register
1612276171452	Marionette	ERROR	[33] No reply from Marionette:Register
1612276177021	Marionette	ERROR	[35] No reply from Marionette:Register
1612276198127	Marionette	INFO	Stopped listening on port 57704

###!!! [Child][RunMessage] Error: Channel closing: too late to send/recv, messages will be lost

1612276237545	geckodriver	INFO	Listening on 127.0.0.1:57788
1612276240596	mozrunner::runner	INFO	Running command: "C:\\Program Files\\Mozilla Firefox\\firefox.exe" "--marionette" "-foreground" "-no-remote" "-profile" "C:\\Users\\Tuan\\AppData\\Local\\Temp\\rust_mozprofilex42OOV"
console.warn: SearchSettings: "get: No settings file exists, new profile?" (new Error("", "(unknown module)"))
1612276242033	Marionette	INFO	Listening on port 57796
1612276242113	Marionette	WARN	TLS certificate errors will be ignored for this session
1612276242120	Marionette	ERROR	[15] No reply from Marionette:Register
console.warn: SearchSettings: "get: No settings file exists, new profile?" (new Error("", "(unknown module)"))
1612276242726	Marionette	ERROR	[31] No reply from Marionette:Register
1612276246004	Marionette	ERROR	[33] No reply from Marionette:Register
1612276251669	Marionette	ERROR	[35] No reply from Marionette:Register
